[35m[1mScanning dependencies of target sub_node[0m
[ 50%] [32mBuilding CXX object CMakeFiles/sub_node.dir/src/smb_highlevel_controller.cpp.o[0m
In file included from [01m[K/opt/ros/noetic/include/ros/ros.h:40[m[K,
                 from [01m[K/home/utsab/Workspaces/ETH_ROS/ex2/src/smb_hl_control/src/smb_highlevel_controller.cpp:1[m[K:
[01m[K/home/utsab/Workspaces/ETH_ROS/ex2/src/smb_hl_control/src/smb_highlevel_controller.cpp:[m[K In function ‘[01m[Kvoid callback(const ConstPtr&)[m[K’:
[01m[K/home/utsab/Workspaces/ETH_ROS/ex2/src/smb_hl_control/src/smb_highlevel_controller.cpp:13:18:[m[K [01;35m[Kwarning: [m[Kformat ‘[01m[K%f[m[K’ expects argument of type ‘[01m[Kdouble[m[K’, but argument 9 has type ‘[01m[Kstd::vector<float>::size_type[m[K’ {aka ‘[01m[Klong unsigned int[m[K’} [[01;35m[K-Wformat=[m[K]
   13 |         ROS_INFO([01;35m[K"%d %f"[m[K,i,[32m[Kmsg->ranges.size()[m[K);
      |                  [01;35m[K^~~~~~~[m[K   [32m[K~~~~~~~~~~~~~~~~~~[m[K
      |                                            [32m[K|[m[K
      |                                            [32m[Kstd::vector<float>::size_type {aka long unsigned int}[m[K
[01m[K/opt/ros/noetic/include/ros/console.h:351:165:[m[K [01;36m[Knote: [m[Kin definition of macro ‘[01m[KROSCONSOLE_PRINT_AT_LOCATION_WITH_FILTER[m[K’
  351 |     ::ros::console::print(filter, __rosconsole_define_location__loc.logger_, __rosconsole_define_location__loc.level_, __FILE__, __LINE__, __ROSCONSOLE_FUNCTION__, [01;36m[K__VA_ARGS__[m[K)
      |                                                                                                                                                                     [01;36m[K^~~~~~~~~~~[m[K
[01m[K/opt/ros/noetic/include/ros/console.h:390:7:[m[K [01;36m[Knote: [m[Kin expansion of macro ‘[01m[KROSCONSOLE_PRINT_AT_LOCATION[m[K’
  390 |       [01;36m[KROSCONSOLE_PRINT_AT_LOCATION[m[K(__VA_ARGS__); \
      |       [01;36m[K^~~~~~~~~~~~~~~~~~~~~~~~~~~~[m[K
[01m[K/opt/ros/noetic/include/ros/console.h:575:35:[m[K [01;36m[Knote: [m[Kin expansion of macro ‘[01m[KROS_LOG_COND[m[K’
  575 | #define ROS_LOG(level, name, ...) [01;36m[KROS_LOG_COND[m[K(true, level, name, __VA_ARGS__)
      |                                   [01;36m[K^~~~~~~~~~~~[m[K
[01m[K/opt/ros/noetic/include/rosconsole/macros_generated.h:110:23:[m[K [01;36m[Knote: [m[Kin expansion of macro ‘[01m[KROS_LOG[m[K’
  110 | #define ROS_INFO(...) [01;36m[KROS_LOG[m[K(::ros::console::levels::Info, ROSCONSOLE_DEFAULT_NAME, __VA_ARGS__)
      |                       [01;36m[K^~~~~~~[m[K
[01m[K/home/utsab/Workspaces/ETH_ROS/ex2/src/smb_hl_control/src/smb_highlevel_controller.cpp:13:9:[m[K [01;36m[Knote: [m[Kin expansion of macro ‘[01m[KROS_INFO[m[K’
   13 |         [01;36m[KROS_INFO[m[K("%d %f",i,msg->ranges.size());
      |         [01;36m[K^~~~~~~~[m[K
[01m[K/home/utsab/Workspaces/ETH_ROS/ex2/src/smb_hl_control/src/smb_highlevel_controller.cpp:13:23:[m[K [01;36m[Knote: [m[Kformat string is defined here
   13 |         ROS_INFO("%d [01;36m[K%f[m[K",i,msg->ranges.size());
      |                      [01;36m[K~^[m[K
      |                       [01;36m[K|[m[K
      |                       [01;36m[Kdouble[m[K
      |                      [32m[K%ld[m[K
[100%] [32m[1mLinking CXX executable /home/utsab/Workspaces/ETH_ROS/ex2/devel/.private/smb_hl_control/lib/smb_hl_control/sub_node[0m
[100%] Built target sub_node
